[INFO] 23:59:59 Program Started
[INFO] 24:00:05 Threshold setted
[WARN] 24:00:05 Critical Situation
[WARN] 24:00:05 Critical Situation
[WARN] 24:00:05 Critical Situation
[WARN] 24:00:05 Critical Situation
[WARN] 24:00:06 Critical Situation
[WARN] 24:00:06 Critical Situation
[WARN] 24:00:06 Critical Situation
[WARN] 24:00:06 Critical Situation
[WARN] 24:00:06 Critical Situation
[WARN] 24:00:06 Critical Situation
[WARN] 24:00:07 Critical Situation
[WARN] 24:00:07 Critical Situation
[WARN] 24:00:07 Critical Situation
[WARN] 24:00:07 Critical Situation
[WARN] 24:00:07 Critical Situation
[WARN] 24:00:08 Critical Situation
[WARN] 24:00:08 Critical Situation
[WARN] 24:00:08 Critical Situation
[WARN] 24:00:09 Critical Situation
[WARN] 24:00:09 Critical Situation
[WARN] 24:00:09 Critical Situation
[WARN] 24:00:09 Critical Situation
[INFO] 24:00:09 Digit 1 Increased
[INFO] 24:00:09 DimStep Increased
[WARN] 24:00:10 Critical Situation
[WARN] 24:00:11 Critical Situation
[WARN] 24:00:11 Critical Situation
[WARN] 24:00:11 Critical Situation
[WARN] 24:00:11 Critical Situation
[WARN] 24:00:11 Critical Situation
[WARN] 24:00:11 Critical Situation
[INFO] 24:00:11 Program Started
